[TraceId: ] 2024-08-16 11:38:16.122 [main] INFO  blog.ice.weblog.web.WeblogWebApplication - Starting WeblogWebApplication using Java 19.0.1 on DESKTOP-L5VIA6F with PID 11168 (F:\coding\workplace\weblog\weblog-springboot\weblog-web\target\classes started by icedragon in F:\coding\workplace\weblog\weblog-springboot)
[TraceId: ] 2024-08-16 11:38:16.124 [main] INFO  blog.ice.weblog.web.WeblogWebApplication - The following profiles are active: prod
[TraceId: ] 2024-08-16 11:38:17.223 [main] INFO  o.s.boot.web.embedded.tomcat.TomcatWebServer - Tomcat initialized with port(s): 8080 (http)
[TraceId: ] 2024-08-16 11:38:17.263 [main] INFO  org.apache.catalina.core.StandardService - Starting service [Tomcat]
[TraceId: ] 2024-08-16 11:38:17.263 [main] INFO  org.apache.catalina.core.StandardEngine - Starting Servlet engine: [Apache Tomcat/9.0.56]
[TraceId: ] 2024-08-16 11:38:17.330 [main] INFO  o.a.c.core.ContainerBase.[Tomcat].[localhost].[/] - Initializing Spring embedded WebApplicationContext
[TraceId: ] 2024-08-16 11:38:17.330 [main] INFO  o.s.b.w.s.c.ServletWebServerApplicationContext - Root WebApplicationContext: initialization completed in 1143 ms
[TraceId: ] 2024-08-16 11:38:17.699 [main] INFO  o.s.boot.web.embedded.tomcat.TomcatWebServer - Tomcat started on port(s): 8080 (http) with context path ''
[TraceId: ] 2024-08-16 11:38:17.706 [main] INFO  blog.ice.weblog.web.WeblogWebApplication - Started WeblogWebApplication in 2.31 seconds (JVM running for 2.952)
[TraceId: ] 2024-08-16 11:38:20.977 [http-nio-8080-exec-1] INFO  o.a.c.core.ContainerBase.[Tomcat].[localhost].[/] - Initializing Spring DispatcherServlet 'dispatcherServlet'
[TraceId: ] 2024-08-16 11:38:20.977 [http-nio-8080-exec-1] INFO  org.springframework.web.servlet.DispatcherServlet - Initializing Servlet 'dispatcherServlet'
[TraceId: ] 2024-08-16 11:38:20.977 [http-nio-8080-exec-1] INFO  org.springframework.web.servlet.DispatcherServlet - Completed initialization in 0 ms
[TraceId: ] 2024-08-16 11:38:21.057 [http-nio-8080-exec-1] WARN  o.s.w.s.m.support.DefaultHandlerExceptionResolver - Resolved [org.springframework.http.converter.HttpMessageNotReadableException: JSON parse error: Unexpected end-of-input in VALUE_STRING; nested exception is com.fasterxml.jackson.databind.JsonMappingException: Unexpected end-of-input in VALUE_STRING<EOL> at [Source: (PushbackInputStream); line: 1, column: 18] (through reference chain: blog.ice.weblog.web.model.User["username"])]
[TraceId: ] 2024-08-16 11:39:07.675 [http-nio-8080-exec-2] INFO  b.ice.weblog.common.aspect.ApiOperationLogAspect - ------请求结束[测试接口],耗时：15ms,入参：{"id":0,"username":"ice","password":null,"sex":null}， 出参：{"id":0,"username":"ice","password":null,"sex":null}
[TraceId: ] 2024-08-16 11:42:59.269 [main] INFO  blog.ice.weblog.web.WeblogWebApplication - Starting WeblogWebApplication using Java 19.0.1 on DESKTOP-L5VIA6F with PID 19944 (F:\coding\workplace\weblog\weblog-springboot\weblog-web\target\classes started by icedragon in F:\coding\workplace\weblog\weblog-springboot)
[TraceId: ] 2024-08-16 11:42:59.271 [main] INFO  blog.ice.weblog.web.WeblogWebApplication - The following profiles are active: prod
[TraceId: ] 2024-08-16 11:43:00.036 [main] INFO  o.s.boot.web.embedded.tomcat.TomcatWebServer - Tomcat initialized with port(s): 8080 (http)
[TraceId: ] 2024-08-16 11:43:00.045 [main] INFO  org.apache.catalina.core.StandardService - Starting service [Tomcat]
[TraceId: ] 2024-08-16 11:43:00.045 [main] INFO  org.apache.catalina.core.StandardEngine - Starting Servlet engine: [Apache Tomcat/9.0.56]
[TraceId: ] 2024-08-16 11:43:00.098 [main] INFO  o.a.c.core.ContainerBase.[Tomcat].[localhost].[/] - Initializing Spring embedded WebApplicationContext
[TraceId: ] 2024-08-16 11:43:00.099 [main] INFO  o.s.b.w.s.c.ServletWebServerApplicationContext - Root WebApplicationContext: initialization completed in 793 ms
[TraceId: ] 2024-08-16 11:43:00.418 [main] INFO  o.s.boot.web.embedded.tomcat.TomcatWebServer - Tomcat started on port(s): 8080 (http) with context path ''
[TraceId: ] 2024-08-16 11:43:00.424 [main] INFO  blog.ice.weblog.web.WeblogWebApplication - Started WeblogWebApplication in 1.555 seconds (JVM running for 2.025)
[TraceId: ] 2024-08-16 11:43:23.566 [http-nio-8080-exec-1] INFO  o.a.c.core.ContainerBase.[Tomcat].[localhost].[/] - Initializing Spring DispatcherServlet 'dispatcherServlet'
[TraceId: ] 2024-08-16 11:43:23.566 [http-nio-8080-exec-1] INFO  org.springframework.web.servlet.DispatcherServlet - Initializing Servlet 'dispatcherServlet'
[TraceId: ] 2024-08-16 11:43:23.567 [http-nio-8080-exec-1] INFO  org.springframework.web.servlet.DispatcherServlet - Completed initialization in 1 ms
[TraceId: c32ae347-7b4e-4424-bac8-d09c1a53d98e] 2024-08-16 11:43:23.639 [http-nio-8080-exec-1] INFO  b.ice.weblog.common.aspect.ApiOperationLogAspect - trackId:c32ae347-7b4e-4424-bac8-d09c1a53d98e
[TraceId: c32ae347-7b4e-4424-bac8-d09c1a53d98e] 2024-08-16 11:43:23.659 [http-nio-8080-exec-1] INFO  b.ice.weblog.common.aspect.ApiOperationLogAspect - ------请求结束[测试接口],耗时：20ms,请求类：blog.ice.weblog.web.controller.TestController，请求方法：test，入参：{"id":0,"username":"ice","password":null,"sex":null}， 出参：{"id":0,"username":"ice","password":null,"sex":null}
[TraceId: ] 2024-08-16 11:52:10.908 [main] INFO  blog.ice.weblog.web.WeblogWebApplication - Starting WeblogWebApplication using Java 19.0.1 on DESKTOP-L5VIA6F with PID 17020 (F:\coding\workplace\weblog\weblog-springboot\weblog-web\target\classes started by icedragon in F:\coding\workplace\weblog\weblog-springboot)
[TraceId: ] 2024-08-16 11:52:10.910 [main] INFO  blog.ice.weblog.web.WeblogWebApplication - The following profiles are active: prod
[TraceId: ] 2024-08-16 11:52:11.722 [main] INFO  o.s.boot.web.embedded.tomcat.TomcatWebServer - Tomcat initialized with port(s): 8080 (http)
[TraceId: ] 2024-08-16 11:52:11.730 [main] INFO  org.apache.catalina.core.StandardService - Starting service [Tomcat]
[TraceId: ] 2024-08-16 11:52:11.730 [main] INFO  org.apache.catalina.core.StandardEngine - Starting Servlet engine: [Apache Tomcat/9.0.56]
[TraceId: ] 2024-08-16 11:52:11.780 [main] INFO  o.a.c.core.ContainerBase.[Tomcat].[localhost].[/] - Initializing Spring embedded WebApplicationContext
[TraceId: ] 2024-08-16 11:52:11.780 [main] INFO  o.s.b.w.s.c.ServletWebServerApplicationContext - Root WebApplicationContext: initialization completed in 835 ms
[TraceId: ] 2024-08-16 11:52:12.123 [main] INFO  o.s.boot.web.embedded.tomcat.TomcatWebServer - Tomcat started on port(s): 8080 (http) with context path ''
[TraceId: ] 2024-08-16 11:52:12.130 [main] INFO  blog.ice.weblog.web.WeblogWebApplication - Started WeblogWebApplication in 1.638 seconds (JVM running for 2.117)
[TraceId: ] 2024-08-16 11:52:39.857 [main] INFO  blog.ice.weblog.web.WeblogWebApplication - Starting WeblogWebApplication using Java 19.0.1 on DESKTOP-L5VIA6F with PID 22500 (F:\coding\workplace\weblog\weblog-springboot\weblog-web\target\classes started by icedragon in F:\coding\workplace\weblog\weblog-springboot)
[TraceId: ] 2024-08-16 11:52:39.859 [main] INFO  blog.ice.weblog.web.WeblogWebApplication - The following profiles are active: prod
[TraceId: ] 2024-08-16 11:52:40.656 [main] INFO  o.s.boot.web.embedded.tomcat.TomcatWebServer - Tomcat initialized with port(s): 8080 (http)
[TraceId: ] 2024-08-16 11:52:40.664 [main] INFO  org.apache.catalina.core.StandardService - Starting service [Tomcat]
[TraceId: ] 2024-08-16 11:52:40.664 [main] INFO  org.apache.catalina.core.StandardEngine - Starting Servlet engine: [Apache Tomcat/9.0.56]
[TraceId: ] 2024-08-16 11:52:40.716 [main] INFO  o.a.c.core.ContainerBase.[Tomcat].[localhost].[/] - Initializing Spring embedded WebApplicationContext
[TraceId: ] 2024-08-16 11:52:40.716 [main] INFO  o.s.b.w.s.c.ServletWebServerApplicationContext - Root WebApplicationContext: initialization completed in 822 ms
[TraceId: ] 2024-08-16 11:52:41.036 [main] INFO  o.s.boot.web.embedded.tomcat.TomcatWebServer - Tomcat started on port(s): 8080 (http) with context path ''
[TraceId: ] 2024-08-16 11:52:41.042 [main] INFO  blog.ice.weblog.web.WeblogWebApplication - Started WeblogWebApplication in 1.58 seconds (JVM running for 2.146)
[TraceId: ] 2024-08-16 11:52:46.437 [http-nio-8080-exec-1] INFO  o.a.c.core.ContainerBase.[Tomcat].[localhost].[/] - Initializing Spring DispatcherServlet 'dispatcherServlet'
[TraceId: ] 2024-08-16 11:52:46.437 [http-nio-8080-exec-1] INFO  org.springframework.web.servlet.DispatcherServlet - Initializing Servlet 'dispatcherServlet'
[TraceId: ] 2024-08-16 11:52:46.437 [http-nio-8080-exec-1] INFO  org.springframework.web.servlet.DispatcherServlet - Completed initialization in 0 ms
[TraceId: 0c40db60-ed8e-4281-afa9-b90baceba8ad] 2024-08-16 11:52:46.530 [http-nio-8080-exec-1] INFO  b.ice.weblog.common.aspect.ApiOperationLogAspect - ------请求结束[测试接口],耗时：20ms,请求类：TestController，请求方法：test，入参：{"id":0,"username":"ice","password":null,"sex":null}， 出参：{"id":0,"username":"ice","password":null,"sex":null}
[TraceId: ] 2024-08-16 11:56:47.659 [main] INFO  blog.ice.weblog.web.WeblogWebApplication - Starting WeblogWebApplication using Java 19.0.1 on DESKTOP-L5VIA6F with PID 14932 (F:\coding\workplace\weblog\weblog-springboot\weblog-web\target\classes started by icedragon in F:\coding\workplace\weblog\weblog-springboot)
[TraceId: ] 2024-08-16 11:56:47.661 [main] INFO  blog.ice.weblog.web.WeblogWebApplication - The following profiles are active: prod
[TraceId: ] 2024-08-16 11:56:48.447 [main] INFO  o.s.boot.web.embedded.tomcat.TomcatWebServer - Tomcat initialized with port(s): 8080 (http)
[TraceId: ] 2024-08-16 11:56:48.455 [main] INFO  org.apache.catalina.core.StandardService - Starting service [Tomcat]
[TraceId: ] 2024-08-16 11:56:48.456 [main] INFO  org.apache.catalina.core.StandardEngine - Starting Servlet engine: [Apache Tomcat/9.0.56]
[TraceId: ] 2024-08-16 11:56:48.506 [main] INFO  o.a.c.core.ContainerBase.[Tomcat].[localhost].[/] - Initializing Spring embedded WebApplicationContext
[TraceId: ] 2024-08-16 11:56:48.506 [main] INFO  o.s.b.w.s.c.ServletWebServerApplicationContext - Root WebApplicationContext: initialization completed in 807 ms
[TraceId: ] 2024-08-16 11:56:48.830 [main] INFO  o.s.boot.web.embedded.tomcat.TomcatWebServer - Tomcat started on port(s): 8080 (http) with context path ''
[TraceId: ] 2024-08-16 11:56:48.837 [main] INFO  blog.ice.weblog.web.WeblogWebApplication - Started WeblogWebApplication in 1.579 seconds (JVM running for 2.045)
[TraceId: ] 2024-08-16 11:56:53.857 [http-nio-8080-exec-1] INFO  o.a.c.core.ContainerBase.[Tomcat].[localhost].[/] - Initializing Spring DispatcherServlet 'dispatcherServlet'
[TraceId: ] 2024-08-16 11:56:53.857 [http-nio-8080-exec-1] INFO  org.springframework.web.servlet.DispatcherServlet - Initializing Servlet 'dispatcherServlet'
[TraceId: ] 2024-08-16 11:56:53.858 [http-nio-8080-exec-1] INFO  org.springframework.web.servlet.DispatcherServlet - Completed initialization in 0 ms
[TraceId: 0cc210b8-cfbe-4a39-af09-1adf846fd71b] 2024-08-16 11:56:53.969 [http-nio-8080-exec-1] INFO  b.ice.weblog.common.aspect.ApiOperationLogAspect - ------请求结束[测试接口],耗时：28ms,请求类：TestController，请求方法：test，入参：{"id":0,"username":"ice","password":null,"sex":null}, org.springframework.validation.BeanPropertyBindingResult: 0 errors， 出参：{"headers":{},"body":"{\"id\":0,\"username\":\"ice\",\"password\":null,\"sex\":null}","statusCodeValue":200,"statusCode":"OK"}
[TraceId: ] 2024-08-16 11:58:51.556 [main] INFO  blog.ice.weblog.web.WeblogWebApplication - Starting WeblogWebApplication using Java 19.0.1 on DESKTOP-L5VIA6F with PID 14020 (F:\coding\workplace\weblog\weblog-springboot\weblog-web\target\classes started by icedragon in F:\coding\workplace\weblog\weblog-springboot)
[TraceId: ] 2024-08-16 11:58:51.558 [main] INFO  blog.ice.weblog.web.WeblogWebApplication - The following profiles are active: prod
[TraceId: ] 2024-08-16 11:58:52.357 [main] INFO  o.s.boot.web.embedded.tomcat.TomcatWebServer - Tomcat initialized with port(s): 8080 (http)
[TraceId: ] 2024-08-16 11:58:52.365 [main] INFO  org.apache.catalina.core.StandardService - Starting service [Tomcat]
[TraceId: ] 2024-08-16 11:58:52.366 [main] INFO  org.apache.catalina.core.StandardEngine - Starting Servlet engine: [Apache Tomcat/9.0.56]
[TraceId: ] 2024-08-16 11:58:52.417 [main] INFO  o.a.c.core.ContainerBase.[Tomcat].[localhost].[/] - Initializing Spring embedded WebApplicationContext
[TraceId: ] 2024-08-16 11:58:52.417 [main] INFO  o.s.b.w.s.c.ServletWebServerApplicationContext - Root WebApplicationContext: initialization completed in 823 ms
[TraceId: ] 2024-08-16 11:58:52.751 [main] INFO  o.s.boot.web.embedded.tomcat.TomcatWebServer - Tomcat started on port(s): 8080 (http) with context path ''
[TraceId: ] 2024-08-16 11:58:52.759 [main] INFO  blog.ice.weblog.web.WeblogWebApplication - Started WeblogWebApplication in 1.624 seconds (JVM running for 2.083)
[TraceId: ] 2024-08-16 11:58:58.624 [http-nio-8080-exec-1] INFO  o.a.c.core.ContainerBase.[Tomcat].[localhost].[/] - Initializing Spring DispatcherServlet 'dispatcherServlet'
[TraceId: ] 2024-08-16 11:58:58.624 [http-nio-8080-exec-1] INFO  org.springframework.web.servlet.DispatcherServlet - Initializing Servlet 'dispatcherServlet'
[TraceId: ] 2024-08-16 11:58:58.624 [http-nio-8080-exec-1] INFO  org.springframework.web.servlet.DispatcherServlet - Completed initialization in 0 ms
[TraceId: b2f97b64-b041-4927-a1ea-d36053e09600] 2024-08-16 11:58:58.741 [http-nio-8080-exec-1] INFO  b.ice.weblog.common.aspect.ApiOperationLogAspect - ------请求结束[测试接口],耗时：30ms,请求类：TestController，请求方法：test，入参：{"id":0,"username":"ice","password":null,"sex":null}, org.springframework.validation.BeanPropertyBindingResult: 0 errors， 出参：{"headers":{},"body":"{\"id\":0,\"username\":\"ice\",\"password\":null,\"sex\":null}","statusCode":"OK","statusCodeValue":200}
[TraceId: ] 2024-08-16 11:59:36.583 [main] INFO  blog.ice.weblog.web.WeblogWebApplication - Starting WeblogWebApplication using Java 19.0.1 on DESKTOP-L5VIA6F with PID 15856 (F:\coding\workplace\weblog\weblog-springboot\weblog-web\target\classes started by icedragon in F:\coding\workplace\weblog\weblog-springboot)
[TraceId: ] 2024-08-16 11:59:36.584 [main] INFO  blog.ice.weblog.web.WeblogWebApplication - The following profiles are active: prod
[TraceId: ] 2024-08-16 11:59:37.367 [main] INFO  o.s.boot.web.embedded.tomcat.TomcatWebServer - Tomcat initialized with port(s): 8080 (http)
[TraceId: ] 2024-08-16 11:59:37.375 [main] INFO  org.apache.catalina.core.StandardService - Starting service [Tomcat]
[TraceId: ] 2024-08-16 11:59:37.375 [main] INFO  org.apache.catalina.core.StandardEngine - Starting Servlet engine: [Apache Tomcat/9.0.56]
[TraceId: ] 2024-08-16 11:59:37.426 [main] INFO  o.a.c.core.ContainerBase.[Tomcat].[localhost].[/] - Initializing Spring embedded WebApplicationContext
[TraceId: ] 2024-08-16 11:59:37.426 [main] INFO  o.s.b.w.s.c.ServletWebServerApplicationContext - Root WebApplicationContext: initialization completed in 805 ms
[TraceId: ] 2024-08-16 11:59:37.744 [main] INFO  o.s.boot.web.embedded.tomcat.TomcatWebServer - Tomcat started on port(s): 8080 (http) with context path ''
[TraceId: ] 2024-08-16 11:59:37.751 [main] INFO  blog.ice.weblog.web.WeblogWebApplication - Started WeblogWebApplication in 1.573 seconds (JVM running for 2.078)
[TraceId: ] 2024-08-16 11:59:41.536 [http-nio-8080-exec-1] INFO  o.a.c.core.ContainerBase.[Tomcat].[localhost].[/] - Initializing Spring DispatcherServlet 'dispatcherServlet'
[TraceId: ] 2024-08-16 11:59:41.537 [http-nio-8080-exec-1] INFO  org.springframework.web.servlet.DispatcherServlet - Initializing Servlet 'dispatcherServlet'
[TraceId: ] 2024-08-16 11:59:41.537 [http-nio-8080-exec-1] INFO  org.springframework.web.servlet.DispatcherServlet - Completed initialization in 0 ms
[TraceId: e3febf76-ac8f-4336-852b-9313d3ba7ea5] 2024-08-16 11:59:41.694 [http-nio-8080-exec-1] INFO  b.ice.weblog.common.aspect.ApiOperationLogAspect - ------请求结束[测试接口],耗时：28ms,请求类：TestController，请求方法：test，入参：{"id":0,"username":"ice","password":null,"sex":null}, org.springframework.validation.BeanPropertyBindingResult: 2 errors
Field error in object 'loginUser' on field 'username': rejected value [null]; codes [NotBlank.loginUser.username,NotBlank.username,NotBlank.java.lang.String,NotBlank]; arguments [org.springframework.context.support.DefaultMessageSourceResolvable: codes [loginUser.username,username]; arguments []; default message [username]]; default message [用户名不能为空]
Field error in object 'loginUser' on field 'password': rejected value [null]; codes [NotBlank.loginUser.password,NotBlank.password,NotBlank.java.lang.String,NotBlank]; arguments [org.springframework.context.support.DefaultMessageSourceResolvable: codes [loginUser.password,password]; arguments []; default message [password]]; default message [密码不能为空]， 出参：{"headers":{},"body":"org.springframework.validation.BeanPropertyBindingResult: 2 errors\nField error in object 'loginUser' on field 'username': rejected value [null]; codes [NotBlank.loginUser.username,NotBlank.username,NotBlank.java.lang.String,NotBlank]; arguments [org.springframework.context.support.DefaultMessageSourceResolvable: codes [loginUser.username,username]; arguments []; default message [username]]; default message [用户名不能为空]\nField error in object 'loginUser' on field 'password': rejected value [null]; codes [NotBlank.loginUser.password,NotBlank.password,NotBlank.java.lang.String,NotBlank]; arguments [org.springframework.context.support.DefaultMessageSourceResolvable: codes [loginUser.password,password]; arguments []; default message [password]]; default message [密码不能为空]","statusCodeValue":400,"statusCode":"BAD_REQUEST"}
[TraceId: e5e8c8a9-7557-4588-b844-d69e61d07b1a] 2024-08-16 12:00:26.242 [http-nio-8080-exec-2] INFO  b.ice.weblog.common.aspect.ApiOperationLogAspect - ------请求结束[测试接口],耗时：1ms,请求类：TestController，请求方法：test，入参：{"id":0,"username":"ice","password":null,"sex":null}, org.springframework.validation.BeanPropertyBindingResult: 2 errors
Field error in object 'loginUser' on field 'password': rejected value [null]; codes [NotBlank.loginUser.password,NotBlank.password,NotBlank.java.lang.String,NotBlank]; arguments [org.springframework.context.support.DefaultMessageSourceResolvable: codes [loginUser.password,password]; arguments []; default message [password]]; default message [密码不能为空]
Field error in object 'loginUser' on field 'username': rejected value [null]; codes [NotBlank.loginUser.username,NotBlank.username,NotBlank.java.lang.String,NotBlank]; arguments [org.springframework.context.support.DefaultMessageSourceResolvable: codes [loginUser.username,username]; arguments []; default message [username]]; default message [用户名不能为空]， 出参：{"headers":{},"body":"org.springframework.validation.BeanPropertyBindingResult: 2 errors\nField error in object 'loginUser' on field 'password': rejected value [null]; codes [NotBlank.loginUser.password,NotBlank.password,NotBlank.java.lang.String,NotBlank]; arguments [org.springframework.context.support.DefaultMessageSourceResolvable: codes [loginUser.password,password]; arguments []; default message [password]]; default message [密码不能为空]\nField error in object 'loginUser' on field 'username': rejected value [null]; codes [NotBlank.loginUser.username,NotBlank.username,NotBlank.java.lang.String,NotBlank]; arguments [org.springframework.context.support.DefaultMessageSourceResolvable: codes [loginUser.username,username]; arguments []; default message [username]]; default message [用户名不能为空]","statusCodeValue":400,"statusCode":"BAD_REQUEST"}
[TraceId: ] 2024-08-16 12:01:21.119 [main] INFO  blog.ice.weblog.web.WeblogWebApplication - Starting WeblogWebApplication using Java 19.0.1 on DESKTOP-L5VIA6F with PID 19244 (F:\coding\workplace\weblog\weblog-springboot\weblog-web\target\classes started by icedragon in F:\coding\workplace\weblog\weblog-springboot)
[TraceId: ] 2024-08-16 12:01:21.121 [main] INFO  blog.ice.weblog.web.WeblogWebApplication - The following profiles are active: prod
[TraceId: ] 2024-08-16 12:01:21.924 [main] INFO  o.s.boot.web.embedded.tomcat.TomcatWebServer - Tomcat initialized with port(s): 8080 (http)
[TraceId: ] 2024-08-16 12:01:21.932 [main] INFO  org.apache.catalina.core.StandardService - Starting service [Tomcat]
[TraceId: ] 2024-08-16 12:01:21.932 [main] INFO  org.apache.catalina.core.StandardEngine - Starting Servlet engine: [Apache Tomcat/9.0.56]
[TraceId: ] 2024-08-16 12:01:21.984 [main] INFO  o.a.c.core.ContainerBase.[Tomcat].[localhost].[/] - Initializing Spring embedded WebApplicationContext
[TraceId: ] 2024-08-16 12:01:21.984 [main] INFO  o.s.b.w.s.c.ServletWebServerApplicationContext - Root WebApplicationContext: initialization completed in 826 ms
[TraceId: ] 2024-08-16 12:01:22.344 [main] INFO  o.s.boot.web.embedded.tomcat.TomcatWebServer - Tomcat started on port(s): 8080 (http) with context path ''
[TraceId: ] 2024-08-16 12:01:22.350 [main] INFO  blog.ice.weblog.web.WeblogWebApplication - Started WeblogWebApplication in 1.643 seconds (JVM running for 2.103)
[TraceId: ] 2024-08-16 12:01:24.486 [http-nio-8080-exec-1] INFO  o.a.c.core.ContainerBase.[Tomcat].[localhost].[/] - Initializing Spring DispatcherServlet 'dispatcherServlet'
[TraceId: ] 2024-08-16 12:01:24.488 [http-nio-8080-exec-1] INFO  org.springframework.web.servlet.DispatcherServlet - Initializing Servlet 'dispatcherServlet'
[TraceId: ] 2024-08-16 12:01:24.488 [http-nio-8080-exec-1] INFO  org.springframework.web.servlet.DispatcherServlet - Completed initialization in 0 ms
[TraceId: 1d584854-7da8-4fce-b616-47ccc0671add] 2024-08-16 12:01:24.646 [http-nio-8080-exec-1] INFO  b.ice.weblog.common.aspect.ApiOperationLogAspect - ------请求结束[测试接口],耗时：30ms,请求类：TestController，请求方法：test，入参：{"id":0,"username":"ice","password":null,"sex":null}, org.springframework.validation.BeanPropertyBindingResult: 2 errors
Field error in object 'loginUser' on field 'username': rejected value [null]; codes [NotBlank.loginUser.username,NotBlank.username,NotBlank.java.lang.String,NotBlank]; arguments [org.springframework.context.support.DefaultMessageSourceResolvable: codes [loginUser.username,username]; arguments []; default message [username]]; default message [用户名不能为空]
Field error in object 'loginUser' on field 'password': rejected value [null]; codes [NotBlank.loginUser.password,NotBlank.password,NotBlank.java.lang.String,NotBlank]; arguments [org.springframework.context.support.DefaultMessageSourceResolvable: codes [loginUser.password,password]; arguments []; default message [password]]; default message [密码不能为空]， 出参：{"headers":{},"body":"org.springframework.validation.BeanPropertyBindingResult: 2 errors\nField error in object 'loginUser' on field 'username': rejected value [null]; codes [NotBlank.loginUser.username,NotBlank.username,NotBlank.java.lang.String,NotBlank]; arguments [org.springframework.context.support.DefaultMessageSourceResolvable: codes [loginUser.username,username]; arguments []; default message [username]]; default message [用户名不能为空]\nField error in object 'loginUser' on field 'password': rejected value [null]; codes [NotBlank.loginUser.password,NotBlank.password,NotBlank.java.lang.String,NotBlank]; arguments [org.springframework.context.support.DefaultMessageSourceResolvable: codes [loginUser.password,password]; arguments []; default message [password]]; default message [密码不能为空]","statusCode":"BAD_REQUEST","statusCodeValue":400}
[TraceId: 7794e51f-23e9-4397-953d-f97ba56c0ddb] 2024-08-16 12:01:54.410 [http-nio-8080-exec-2] INFO  b.ice.weblog.common.aspect.ApiOperationLogAspect - ------请求结束[测试接口],耗时：0ms,请求类：TestController，请求方法：test，入参：{"id":0,"username":"ice","password":"123","sex":null}, org.springframework.validation.BeanPropertyBindingResult: 2 errors
Field error in object 'loginUser' on field 'password': rejected value [null]; codes [NotBlank.loginUser.password,NotBlank.password,NotBlank.java.lang.String,NotBlank]; arguments [org.springframework.context.support.DefaultMessageSourceResolvable: codes [loginUser.password,password]; arguments []; default message [password]]; default message [密码不能为空]
Field error in object 'loginUser' on field 'username': rejected value [null]; codes [NotBlank.loginUser.username,NotBlank.username,NotBlank.java.lang.String,NotBlank]; arguments [org.springframework.context.support.DefaultMessageSourceResolvable: codes [loginUser.username,username]; arguments []; default message [username]]; default message [用户名不能为空]， 出参：{"headers":{},"body":"org.springframework.validation.BeanPropertyBindingResult: 2 errors\nField error in object 'loginUser' on field 'password': rejected value [null]; codes [NotBlank.loginUser.password,NotBlank.password,NotBlank.java.lang.String,NotBlank]; arguments [org.springframework.context.support.DefaultMessageSourceResolvable: codes [loginUser.password,password]; arguments []; default message [password]]; default message [密码不能为空]\nField error in object 'loginUser' on field 'username': rejected value [null]; codes [NotBlank.loginUser.username,NotBlank.username,NotBlank.java.lang.String,NotBlank]; arguments [org.springframework.context.support.DefaultMessageSourceResolvable: codes [loginUser.username,username]; arguments []; default message [username]]; default message [用户名不能为空]","statusCode":"BAD_REQUEST","statusCodeValue":400}
[TraceId: ] 2024-08-16 12:02:17.845 [main] INFO  blog.ice.weblog.web.WeblogWebApplication - Starting WeblogWebApplication using Java 19.0.1 on DESKTOP-L5VIA6F with PID 20028 (F:\coding\workplace\weblog\weblog-springboot\weblog-web\target\classes started by icedragon in F:\coding\workplace\weblog\weblog-springboot)
[TraceId: ] 2024-08-16 12:02:17.846 [main] INFO  blog.ice.weblog.web.WeblogWebApplication - The following profiles are active: prod
[TraceId: ] 2024-08-16 12:02:18.722 [main] INFO  o.s.boot.web.embedded.tomcat.TomcatWebServer - Tomcat initialized with port(s): 8080 (http)
[TraceId: ] 2024-08-16 12:02:18.731 [main] INFO  org.apache.catalina.core.StandardService - Starting service [Tomcat]
[TraceId: ] 2024-08-16 12:02:18.732 [main] INFO  org.apache.catalina.core.StandardEngine - Starting Servlet engine: [Apache Tomcat/9.0.56]
[TraceId: ] 2024-08-16 12:02:18.789 [main] INFO  o.a.c.core.ContainerBase.[Tomcat].[localhost].[/] - Initializing Spring embedded WebApplicationContext
[TraceId: ] 2024-08-16 12:02:18.789 [main] INFO  o.s.b.w.s.c.ServletWebServerApplicationContext - Root WebApplicationContext: initialization completed in 905 ms
[TraceId: ] 2024-08-16 12:02:19.182 [main] INFO  o.s.boot.web.embedded.tomcat.TomcatWebServer - Tomcat started on port(s): 8080 (http) with context path ''
[TraceId: ] 2024-08-16 12:02:19.190 [main] INFO  blog.ice.weblog.web.WeblogWebApplication - Started WeblogWebApplication in 1.76 seconds (JVM running for 3.096)
[TraceId: ] 2024-08-16 12:02:20.529 [http-nio-8080-exec-1] INFO  o.a.c.core.ContainerBase.[Tomcat].[localhost].[/] - Initializing Spring DispatcherServlet 'dispatcherServlet'
[TraceId: ] 2024-08-16 12:02:20.529 [http-nio-8080-exec-1] INFO  org.springframework.web.servlet.DispatcherServlet - Initializing Servlet 'dispatcherServlet'
[TraceId: ] 2024-08-16 12:02:20.530 [http-nio-8080-exec-1] INFO  org.springframework.web.servlet.DispatcherServlet - Completed initialization in 1 ms
[TraceId: 3c5fe5ab-adb4-47d4-9b4b-cd80de3256bf] 2024-08-16 12:04:17.736 [http-nio-8080-exec-1] INFO  b.ice.weblog.common.aspect.ApiOperationLogAspect - ------请求结束[测试接口],耗时：117058ms,请求类：TestController，请求方法：test，入参：{"id":0,"username":"ice","password":"123","sex":null}, org.springframework.validation.BeanPropertyBindingResult: 2 errors
Field error in object 'loginUser' on field 'username': rejected value [null]; codes [NotBlank.loginUser.username,NotBlank.username,NotBlank.java.lang.String,NotBlank]; arguments [org.springframework.context.support.DefaultMessageSourceResolvable: codes [loginUser.username,username]; arguments []; default message [username]]; default message [用户名不能为空]
Field error in object 'loginUser' on field 'password': rejected value [null]; codes [NotBlank.loginUser.password,NotBlank.password,NotBlank.java.lang.String,NotBlank]; arguments [org.springframework.context.support.DefaultMessageSourceResolvable: codes [loginUser.password,password]; arguments []; default message [password]]; default message [密码不能为空]， 出参：{"headers":{},"body":"org.springframework.validation.BeanPropertyBindingResult: 2 errors\nField error in object 'loginUser' on field 'username': rejected value [null]; codes [NotBlank.loginUser.username,NotBlank.username,NotBlank.java.lang.String,NotBlank]; arguments [org.springframework.context.support.DefaultMessageSourceResolvable: codes [loginUser.username,username]; arguments []; default message [username]]; default message [用户名不能为空]\nField error in object 'loginUser' on field 'password': rejected value [null]; codes [NotBlank.loginUser.password,NotBlank.password,NotBlank.java.lang.String,NotBlank]; arguments [org.springframework.context.support.DefaultMessageSourceResolvable: codes [loginUser.password,password]; arguments []; default message [password]]; default message [密码不能为空]","statusCodeValue":400,"statusCode":"BAD_REQUEST"}
[TraceId: ] 2024-08-16 12:05:15.281 [main] INFO  blog.ice.weblog.web.WeblogWebApplication - Starting WeblogWebApplication using Java 19.0.1 on DESKTOP-L5VIA6F with PID 19296 (F:\coding\workplace\weblog\weblog-springboot\weblog-web\target\classes started by icedragon in F:\coding\workplace\weblog\weblog-springboot)
[TraceId: ] 2024-08-16 12:05:15.283 [main] INFO  blog.ice.weblog.web.WeblogWebApplication - The following profiles are active: prod
[TraceId: ] 2024-08-16 12:05:16.165 [main] INFO  o.s.boot.web.embedded.tomcat.TomcatWebServer - Tomcat initialized with port(s): 8080 (http)
[TraceId: ] 2024-08-16 12:05:16.173 [main] INFO  org.apache.catalina.core.StandardService - Starting service [Tomcat]
[TraceId: ] 2024-08-16 12:05:16.174 [main] INFO  org.apache.catalina.core.StandardEngine - Starting Servlet engine: [Apache Tomcat/9.0.56]
[TraceId: ] 2024-08-16 12:05:16.228 [main] INFO  o.a.c.core.ContainerBase.[Tomcat].[localhost].[/] - Initializing Spring embedded WebApplicationContext
[TraceId: ] 2024-08-16 12:05:16.228 [main] INFO  o.s.b.w.s.c.ServletWebServerApplicationContext - Root WebApplicationContext: initialization completed in 902 ms
[TraceId: ] 2024-08-16 12:05:16.628 [main] INFO  o.s.boot.web.embedded.tomcat.TomcatWebServer - Tomcat started on port(s): 8080 (http) with context path ''
[TraceId: ] 2024-08-16 12:05:16.635 [main] INFO  blog.ice.weblog.web.WeblogWebApplication - Started WeblogWebApplication in 1.807 seconds (JVM running for 2.407)
[TraceId: ] 2024-08-16 12:05:17.848 [http-nio-8080-exec-1] INFO  o.a.c.core.ContainerBase.[Tomcat].[localhost].[/] - Initializing Spring DispatcherServlet 'dispatcherServlet'
[TraceId: ] 2024-08-16 12:05:17.848 [http-nio-8080-exec-1] INFO  org.springframework.web.servlet.DispatcherServlet - Initializing Servlet 'dispatcherServlet'
[TraceId: ] 2024-08-16 12:05:17.849 [http-nio-8080-exec-1] INFO  org.springframework.web.servlet.DispatcherServlet - Completed initialization in 1 ms
[TraceId: 9ce6b935-8d84-46b9-a9e3-f3aeece64813] 2024-08-16 12:05:18.023 [http-nio-8080-exec-1] INFO  b.ice.weblog.common.aspect.ApiOperationLogAspect - ------请求结束[测试接口],耗时：29ms,请求类：TestController，请求方法：test，入参：{"id":0,"username":"ice","password":"123","sex":null}, org.springframework.validation.BeanPropertyBindingResult: 2 errors
Field error in object 'loginUser' on field 'password': rejected value [null]; codes [NotNull.loginUser.password,NotNull.password,NotNull.java.lang.String,NotNull]; arguments [org.springframework.context.support.DefaultMessageSourceResolvable: codes [loginUser.password,password]; arguments []; default message [password]]; default message [密码不能为空]
Field error in object 'loginUser' on field 'username': rejected value [null]; codes [NotNull.loginUser.username,NotNull.username,NotNull.java.lang.String,NotNull]; arguments [org.springframework.context.support.DefaultMessageSourceResolvable: codes [loginUser.username,username]; arguments []; default message [username]]; default message [用户名不能为空]， 出参：{"headers":{},"body":"org.springframework.validation.BeanPropertyBindingResult: 2 errors\nField error in object 'loginUser' on field 'password': rejected value [null]; codes [NotNull.loginUser.password,NotNull.password,NotNull.java.lang.String,NotNull]; arguments [org.springframework.context.support.DefaultMessageSourceResolvable: codes [loginUser.password,password]; arguments []; default message [password]]; default message [密码不能为空]\nField error in object 'loginUser' on field 'username': rejected value [null]; codes [NotNull.loginUser.username,NotNull.username,NotNull.java.lang.String,NotNull]; arguments [org.springframework.context.support.DefaultMessageSourceResolvable: codes [loginUser.username,username]; arguments []; default message [username]]; default message [用户名不能为空]","statusCode":"BAD_REQUEST","statusCodeValue":400}
[TraceId: e4fe3c6c-5bf0-49db-a2e8-5b958aecaedd] 2024-08-16 12:06:05.515 [http-nio-8080-exec-2] INFO  b.ice.weblog.common.aspect.ApiOperationLogAspect - ------请求结束[测试接口],耗时：1ms,请求类：TestController，请求方法：test，入参：{"id":1,"username":"ice","password":"123","sex":1}, org.springframework.validation.BeanPropertyBindingResult: 2 errors
Field error in object 'loginUser' on field 'password': rejected value [null]; codes [NotNull.loginUser.password,NotNull.password,NotNull.java.lang.String,NotNull]; arguments [org.springframework.context.support.DefaultMessageSourceResolvable: codes [loginUser.password,password]; arguments []; default message [password]]; default message [密码不能为空]
Field error in object 'loginUser' on field 'username': rejected value [null]; codes [NotNull.loginUser.username,NotNull.username,NotNull.java.lang.String,NotNull]; arguments [org.springframework.context.support.DefaultMessageSourceResolvable: codes [loginUser.username,username]; arguments []; default message [username]]; default message [用户名不能为空]， 出参：{"headers":{},"body":"org.springframework.validation.BeanPropertyBindingResult: 2 errors\nField error in object 'loginUser' on field 'password': rejected value [null]; codes [NotNull.loginUser.password,NotNull.password,NotNull.java.lang.String,NotNull]; arguments [org.springframework.context.support.DefaultMessageSourceResolvable: codes [loginUser.password,password]; arguments []; default message [password]]; default message [密码不能为空]\nField error in object 'loginUser' on field 'username': rejected value [null]; codes [NotNull.loginUser.username,NotNull.username,NotNull.java.lang.String,NotNull]; arguments [org.springframework.context.support.DefaultMessageSourceResolvable: codes [loginUser.username,username]; arguments []; default message [username]]; default message [用户名不能为空]","statusCode":"BAD_REQUEST","statusCodeValue":400}
[TraceId: ] 2024-08-16 12:11:39.723 [main] INFO  blog.ice.weblog.web.WeblogWebApplication - Starting WeblogWebApplication using Java 19.0.1 on DESKTOP-L5VIA6F with PID 8316 (F:\coding\workplace\weblog\weblog-springboot\weblog-web\target\classes started by icedragon in F:\coding\workplace\weblog\weblog-springboot)
[TraceId: ] 2024-08-16 12:11:39.725 [main] INFO  blog.ice.weblog.web.WeblogWebApplication - The following profiles are active: prod
[TraceId: ] 2024-08-16 12:11:40.527 [main] INFO  o.s.boot.web.embedded.tomcat.TomcatWebServer - Tomcat initialized with port(s): 8080 (http)
[TraceId: ] 2024-08-16 12:11:40.535 [main] INFO  org.apache.catalina.core.StandardService - Starting service [Tomcat]
[TraceId: ] 2024-08-16 12:11:40.535 [main] INFO  org.apache.catalina.core.StandardEngine - Starting Servlet engine: [Apache Tomcat/9.0.56]
[TraceId: ] 2024-08-16 12:11:40.586 [main] INFO  o.a.c.core.ContainerBase.[Tomcat].[localhost].[/] - Initializing Spring embedded WebApplicationContext
[TraceId: ] 2024-08-16 12:11:40.586 [main] INFO  o.s.b.w.s.c.ServletWebServerApplicationContext - Root WebApplicationContext: initialization completed in 825 ms
[TraceId: ] 2024-08-16 12:11:40.908 [main] INFO  o.s.boot.web.embedded.tomcat.TomcatWebServer - Tomcat started on port(s): 8080 (http) with context path ''
[TraceId: ] 2024-08-16 12:11:40.915 [main] INFO  blog.ice.weblog.web.WeblogWebApplication - Started WeblogWebApplication in 1.602 seconds (JVM running for 2.079)
[TraceId: ] 2024-08-16 12:11:44.352 [http-nio-8080-exec-1] INFO  o.a.c.core.ContainerBase.[Tomcat].[localhost].[/] - Initializing Spring DispatcherServlet 'dispatcherServlet'
[TraceId: ] 2024-08-16 12:11:44.352 [http-nio-8080-exec-1] INFO  org.springframework.web.servlet.DispatcherServlet - Initializing Servlet 'dispatcherServlet'
[TraceId: ] 2024-08-16 12:11:44.353 [http-nio-8080-exec-1] INFO  org.springframework.web.servlet.DispatcherServlet - Completed initialization in 1 ms
[TraceId: 2b44f87d-8312-4f12-907b-173cf3218c58] 2024-08-16 12:11:44.517 [http-nio-8080-exec-1] INFO  b.ice.weblog.common.aspect.ApiOperationLogAspect - ------请求结束[测试接口],耗时：31ms,请求类：TestController，请求方法：test，入参：{"id":1,"username":"ice","password":"123","sex":1}, org.springframework.validation.BeanPropertyBindingResult: 2 errors
Field error in object 'loginUser' on field 'password': rejected value [null]; codes [NotNull.loginUser.password,NotNull.password,NotNull.java.lang.String,NotNull]; arguments [org.springframework.context.support.DefaultMessageSourceResolvable: codes [loginUser.password,password]; arguments []; default message [password]]; default message [密码不能为空]
Field error in object 'loginUser' on field 'username': rejected value [null]; codes [NotNull.loginUser.username,NotNull.username,NotNull.java.lang.String,NotNull]; arguments [org.springframework.context.support.DefaultMessageSourceResolvable: codes [loginUser.username,username]; arguments []; default message [username]]; default message [用户名不能为空1]， 出参：{"headers":{},"body":"org.springframework.validation.BeanPropertyBindingResult: 2 errors\nField error in object 'loginUser' on field 'password': rejected value [null]; codes [NotNull.loginUser.password,NotNull.password,NotNull.java.lang.String,NotNull]; arguments [org.springframework.context.support.DefaultMessageSourceResolvable: codes [loginUser.password,password]; arguments []; default message [password]]; default message [密码不能为空]\nField error in object 'loginUser' on field 'username': rejected value [null]; codes [NotNull.loginUser.username,NotNull.username,NotNull.java.lang.String,NotNull]; arguments [org.springframework.context.support.DefaultMessageSourceResolvable: codes [loginUser.username,username]; arguments []; default message [username]]; default message [用户名不能为空1]","statusCode":"BAD_REQUEST","statusCodeValue":400}
[TraceId: ] 2024-08-16 12:12:54.479 [main] INFO  blog.ice.weblog.web.WeblogWebApplication - Starting WeblogWebApplication using Java 19.0.1 on DESKTOP-L5VIA6F with PID 20672 (F:\coding\workplace\weblog\weblog-springboot\weblog-web\target\classes started by icedragon in F:\coding\workplace\weblog\weblog-springboot)
[TraceId: ] 2024-08-16 12:12:54.481 [main] INFO  blog.ice.weblog.web.WeblogWebApplication - The following profiles are active: prod
[TraceId: ] 2024-08-16 12:12:55.282 [main] INFO  o.s.boot.web.embedded.tomcat.TomcatWebServer - Tomcat initialized with port(s): 8080 (http)
[TraceId: ] 2024-08-16 12:12:55.290 [main] INFO  org.apache.catalina.core.StandardService - Starting service [Tomcat]
[TraceId: ] 2024-08-16 12:12:55.290 [main] INFO  org.apache.catalina.core.StandardEngine - Starting Servlet engine: [Apache Tomcat/9.0.56]
[TraceId: ] 2024-08-16 12:12:55.341 [main] INFO  o.a.c.core.ContainerBase.[Tomcat].[localhost].[/] - Initializing Spring embedded WebApplicationContext
[TraceId: ] 2024-08-16 12:12:55.341 [main] INFO  o.s.b.w.s.c.ServletWebServerApplicationContext - Root WebApplicationContext: initialization completed in 823 ms
[TraceId: ] 2024-08-16 12:12:55.658 [main] INFO  o.s.boot.web.embedded.tomcat.TomcatWebServer - Tomcat started on port(s): 8080 (http) with context path ''
[TraceId: ] 2024-08-16 12:12:55.665 [main] INFO  blog.ice.weblog.web.WeblogWebApplication - Started WeblogWebApplication in 1.602 seconds (JVM running for 2.092)
[TraceId: ] 2024-08-16 12:12:57.449 [http-nio-8080-exec-1] INFO  o.a.c.core.ContainerBase.[Tomcat].[localhost].[/] - Initializing Spring DispatcherServlet 'dispatcherServlet'
[TraceId: ] 2024-08-16 12:12:57.449 [http-nio-8080-exec-1] INFO  org.springframework.web.servlet.DispatcherServlet - Initializing Servlet 'dispatcherServlet'
[TraceId: ] 2024-08-16 12:12:57.450 [http-nio-8080-exec-1] INFO  org.springframework.web.servlet.DispatcherServlet - Completed initialization in 1 ms
[TraceId: b7c39147-2f33-43a2-9d3e-5b3771cb2bac] 2024-08-16 12:12:57.602 [http-nio-8080-exec-1] INFO  b.ice.weblog.common.aspect.ApiOperationLogAspect - ------请求结束[测试接口],耗时：29ms,请求类：TestController，请求方法：test，入参：{"id":1,"username":"ice","password":"123","sex":1}, org.springframework.validation.BeanPropertyBindingResult: 0 errors， 出参：{"headers":{},"body":"{\"id\":1,\"username\":\"ice\",\"password\":\"123\",\"sex\":1}","statusCode":"OK","statusCodeValue":200}
[TraceId: ] 2024-08-16 12:13:58.788 [main] INFO  blog.ice.weblog.web.WeblogWebApplication - Starting WeblogWebApplication using Java 19.0.1 on DESKTOP-L5VIA6F with PID 19784 (F:\coding\workplace\weblog\weblog-springboot\weblog-web\target\classes started by icedragon in F:\coding\workplace\weblog\weblog-springboot)
[TraceId: ] 2024-08-16 12:13:58.790 [main] INFO  blog.ice.weblog.web.WeblogWebApplication - The following profiles are active: prod
[TraceId: ] 2024-08-16 12:13:59.577 [main] INFO  o.s.boot.web.embedded.tomcat.TomcatWebServer - Tomcat initialized with port(s): 8080 (http)
[TraceId: ] 2024-08-16 12:13:59.584 [main] INFO  org.apache.catalina.core.StandardService - Starting service [Tomcat]
[TraceId: ] 2024-08-16 12:13:59.585 [main] INFO  org.apache.catalina.core.StandardEngine - Starting Servlet engine: [Apache Tomcat/9.0.56]
[TraceId: ] 2024-08-16 12:13:59.661 [main] INFO  o.a.c.core.ContainerBase.[Tomcat].[localhost].[/] - Initializing Spring embedded WebApplicationContext
[TraceId: ] 2024-08-16 12:13:59.661 [main] INFO  o.s.b.w.s.c.ServletWebServerApplicationContext - Root WebApplicationContext: initialization completed in 837 ms
[TraceId: ] 2024-08-16 12:13:59.975 [main] INFO  o.s.boot.web.embedded.tomcat.TomcatWebServer - Tomcat started on port(s): 8080 (http) with context path ''
[TraceId: ] 2024-08-16 12:13:59.981 [main] INFO  blog.ice.weblog.web.WeblogWebApplication - Started WeblogWebApplication in 1.591 seconds (JVM running for 2.074)
[TraceId: ] 2024-08-16 12:14:01.594 [http-nio-8080-exec-1] INFO  o.a.c.core.ContainerBase.[Tomcat].[localhost].[/] - Initializing Spring DispatcherServlet 'dispatcherServlet'
[TraceId: ] 2024-08-16 12:14:01.594 [http-nio-8080-exec-1] INFO  org.springframework.web.servlet.DispatcherServlet - Initializing Servlet 'dispatcherServlet'
[TraceId: ] 2024-08-16 12:14:01.595 [http-nio-8080-exec-1] INFO  org.springframework.web.servlet.DispatcherServlet - Completed initialization in 1 ms
[TraceId: 9947fce4-e41d-43a0-9591-e845b4f12958] 2024-08-16 12:14:01.758 [http-nio-8080-exec-1] INFO  b.ice.weblog.common.aspect.ApiOperationLogAspect - ------请求结束[测试接口],耗时：30ms,请求类：TestController，请求方法：test，入参：{"id":1,"username":"ice","password":"123","sex":1}, org.springframework.validation.BeanPropertyBindingResult: 1 errors
Field error in object 'loginUser' on field 'username': rejected value [null]; codes [NotBlank.loginUser.username,NotBlank.username,NotBlank.java.lang.String,NotBlank]; arguments [org.springframework.context.support.DefaultMessageSourceResolvable: codes [loginUser.username,username]; arguments []; default message [username]]; default message [用户名不能为空]， 出参：{"headers":{},"body":"org.springframework.validation.BeanPropertyBindingResult: 1 errors\nField error in object 'loginUser' on field 'username': rejected value [null]; codes [NotBlank.loginUser.username,NotBlank.username,NotBlank.java.lang.String,NotBlank]; arguments [org.springframework.context.support.DefaultMessageSourceResolvable: codes [loginUser.username,username]; arguments []; default message [username]]; default message [用户名不能为空]","statusCode":"BAD_REQUEST","statusCodeValue":400}
[TraceId: ] 2024-08-16 14:10:06.628 [main] INFO  blog.ice.weblog.web.WeblogWebApplication - Starting WeblogWebApplication using Java 19.0.1 on DESKTOP-L5VIA6F with PID 20648 (F:\coding\workplace\weblog\weblog-springboot\weblog-web\target\classes started by icedragon in F:\coding\workplace\weblog\weblog-springboot)
[TraceId: ] 2024-08-16 14:10:06.630 [main] INFO  blog.ice.weblog.web.WeblogWebApplication - The following profiles are active: prod
[TraceId: ] 2024-08-16 14:10:07.455 [main] INFO  o.s.boot.web.embedded.tomcat.TomcatWebServer - Tomcat initialized with port(s): 8080 (http)
[TraceId: ] 2024-08-16 14:10:07.465 [main] INFO  org.apache.catalina.core.StandardService - Starting service [Tomcat]
[TraceId: ] 2024-08-16 14:10:07.465 [main] INFO  org.apache.catalina.core.StandardEngine - Starting Servlet engine: [Apache Tomcat/9.0.56]
[TraceId: ] 2024-08-16 14:10:07.524 [main] INFO  o.a.c.core.ContainerBase.[Tomcat].[localhost].[/] - Initializing Spring embedded WebApplicationContext
[TraceId: ] 2024-08-16 14:10:07.524 [main] INFO  o.s.b.w.s.c.ServletWebServerApplicationContext - Root WebApplicationContext: initialization completed in 857 ms
[TraceId: ] 2024-08-16 14:10:07.859 [main] INFO  o.s.boot.web.embedded.tomcat.TomcatWebServer - Tomcat started on port(s): 8080 (http) with context path ''
[TraceId: ] 2024-08-16 14:10:07.866 [main] INFO  blog.ice.weblog.web.WeblogWebApplication - Started WeblogWebApplication in 1.641 seconds (JVM running for 2.114)
[TraceId: ] 2024-08-16 14:10:10.208 [http-nio-8080-exec-1] INFO  o.a.c.core.ContainerBase.[Tomcat].[localhost].[/] - Initializing Spring DispatcherServlet 'dispatcherServlet'
[TraceId: ] 2024-08-16 14:10:10.209 [http-nio-8080-exec-1] INFO  org.springframework.web.servlet.DispatcherServlet - Initializing Servlet 'dispatcherServlet'
[TraceId: ] 2024-08-16 14:10:10.209 [http-nio-8080-exec-1] INFO  org.springframework.web.servlet.DispatcherServlet - Completed initialization in 0 ms
[TraceId: 3f5259d4-5d1a-4c9b-ba5b-41d2116b2390] 2024-08-16 14:10:10.362 [http-nio-8080-exec-1] INFO  b.ice.weblog.common.aspect.ApiOperationLogAspect - ------请求结束[测试接口],耗时：28ms,请求类：TestController，请求方法：test，入参：{"username":"ice","password":"123"}, org.springframework.validation.BeanPropertyBindingResult: 0 errors， 出参：{"headers":{},"body":"{\"username\":\"ice\",\"password\":\"123\"}","statusCode":"OK","statusCodeValue":200}
[TraceId: ] 2024-08-16 14:15:23.563 [main] INFO  blog.ice.weblog.web.WeblogWebApplication - Starting WeblogWebApplication using Java 19.0.1 on DESKTOP-L5VIA6F with PID 24496 (F:\coding\workplace\weblog\weblog-springboot\weblog-web\target\classes started by icedragon in F:\coding\workplace\weblog\weblog-springboot)
[TraceId: ] 2024-08-16 14:15:23.565 [main] INFO  blog.ice.weblog.web.WeblogWebApplication - The following profiles are active: prod
[TraceId: ] 2024-08-16 14:15:24.455 [main] INFO  o.s.boot.web.embedded.tomcat.TomcatWebServer - Tomcat initialized with port(s): 8080 (http)
[TraceId: ] 2024-08-16 14:15:24.464 [main] INFO  org.apache.catalina.core.StandardService - Starting service [Tomcat]
[TraceId: ] 2024-08-16 14:15:24.464 [main] INFO  org.apache.catalina.core.StandardEngine - Starting Servlet engine: [Apache Tomcat/9.0.56]
[TraceId: ] 2024-08-16 14:15:24.516 [main] INFO  o.a.c.core.ContainerBase.[Tomcat].[localhost].[/] - Initializing Spring embedded WebApplicationContext
[TraceId: ] 2024-08-16 14:15:24.516 [main] INFO  o.s.b.w.s.c.ServletWebServerApplicationContext - Root WebApplicationContext: initialization completed in 916 ms
[TraceId: ] 2024-08-16 14:15:24.840 [main] INFO  o.s.boot.web.embedded.tomcat.TomcatWebServer - Tomcat started on port(s): 8080 (http) with context path ''
[TraceId: ] 2024-08-16 14:15:24.847 [main] INFO  blog.ice.weblog.web.WeblogWebApplication - Started WeblogWebApplication in 1.682 seconds (JVM running for 2.146)
[TraceId: ] 2024-08-16 14:15:30.307 [http-nio-8080-exec-1] INFO  o.a.c.core.ContainerBase.[Tomcat].[localhost].[/] - Initializing Spring DispatcherServlet 'dispatcherServlet'
[TraceId: ] 2024-08-16 14:15:30.307 [http-nio-8080-exec-1] INFO  org.springframework.web.servlet.DispatcherServlet - Initializing Servlet 'dispatcherServlet'
[TraceId: ] 2024-08-16 14:15:30.308 [http-nio-8080-exec-1] INFO  org.springframework.web.servlet.DispatcherServlet - Completed initialization in 1 ms
[TraceId: 17f7c8b7-9d12-4e2f-8223-a4bc36651859] 2024-08-16 14:15:30.456 [http-nio-8080-exec-1] INFO  b.ice.weblog.common.aspect.ApiOperationLogAspect - ------请求结束[测试接口],耗时：27ms,请求类：TestController，请求方法：test，入参：{"username":"ice","password":""}, org.springframework.validation.BeanPropertyBindingResult: 0 errors， 出参：{"headers":{},"body":"{\"username\":\"ice\",\"password\":\"\"}","statusCode":"OK","statusCodeValue":200}
[TraceId: ] 2024-08-16 14:16:20.594 [main] INFO  blog.ice.weblog.web.WeblogWebApplication - Starting WeblogWebApplication using Java 19.0.1 on DESKTOP-L5VIA6F with PID 22448 (F:\coding\workplace\weblog\weblog-springboot\weblog-web\target\classes started by icedragon in F:\coding\workplace\weblog\weblog-springboot)
[TraceId: ] 2024-08-16 14:16:20.595 [main] INFO  blog.ice.weblog.web.WeblogWebApplication - The following profiles are active: prod
[TraceId: ] 2024-08-16 14:16:21.444 [main] INFO  o.s.boot.web.embedded.tomcat.TomcatWebServer - Tomcat initialized with port(s): 8080 (http)
[TraceId: ] 2024-08-16 14:16:21.454 [main] INFO  org.apache.catalina.core.StandardService - Starting service [Tomcat]
[TraceId: ] 2024-08-16 14:16:21.454 [main] INFO  org.apache.catalina.core.StandardEngine - Starting Servlet engine: [Apache Tomcat/9.0.56]
[TraceId: ] 2024-08-16 14:16:21.509 [main] INFO  o.a.c.core.ContainerBase.[Tomcat].[localhost].[/] - Initializing Spring embedded WebApplicationContext
[TraceId: ] 2024-08-16 14:16:21.509 [main] INFO  o.s.b.w.s.c.ServletWebServerApplicationContext - Root WebApplicationContext: initialization completed in 872 ms
[TraceId: ] 2024-08-16 14:16:21.832 [main] INFO  o.s.boot.web.embedded.tomcat.TomcatWebServer - Tomcat started on port(s): 8080 (http) with context path ''
[TraceId: ] 2024-08-16 14:16:21.839 [main] INFO  blog.ice.weblog.web.WeblogWebApplication - Started WeblogWebApplication in 1.667 seconds (JVM running for 2.188)
[TraceId: ] 2024-08-16 14:16:23.917 [http-nio-8080-exec-1] INFO  o.a.c.core.ContainerBase.[Tomcat].[localhost].[/] - Initializing Spring DispatcherServlet 'dispatcherServlet'
[TraceId: ] 2024-08-16 14:16:23.917 [http-nio-8080-exec-1] INFO  org.springframework.web.servlet.DispatcherServlet - Initializing Servlet 'dispatcherServlet'
[TraceId: ] 2024-08-16 14:16:23.918 [http-nio-8080-exec-1] INFO  org.springframework.web.servlet.DispatcherServlet - Completed initialization in 1 ms
[TraceId: 15a76df2-5783-4688-93ec-6ca239e0b03b] 2024-08-16 14:16:24.064 [http-nio-8080-exec-1] INFO  b.ice.weblog.common.aspect.ApiOperationLogAspect - ------请求结束[测试接口],耗时：27ms,请求类：TestController，请求方法：test，入参：{"username":"ice","password":""}, org.springframework.validation.BeanPropertyBindingResult: 1 errors
Field error in object 'loginUser' on field 'password': rejected value []; codes [NotBlank.loginUser.password,NotBlank.password,NotBlank.java.lang.String,NotBlank]; arguments [org.springframework.context.support.DefaultMessageSourceResolvable: codes [loginUser.password,password]; arguments []; default message [password]]; default message [密码不能为空]， 出参：{"headers":{},"body":"密码不能为空","statusCode":"BAD_REQUEST","statusCodeValue":400}
[TraceId: c7393c90-b7c9-4dfa-b92e-f8585ac8daba] 2024-08-16 14:16:39.879 [http-nio-8080-exec-2] INFO  b.ice.weblog.common.aspect.ApiOperationLogAspect - ------请求结束[测试接口],耗时：1ms,请求类：TestController，请求方法：test，入参：{"username":"","password":""}, org.springframework.validation.BeanPropertyBindingResult: 2 errors
Field error in object 'loginUser' on field 'username': rejected value []; codes [NotBlank.loginUser.username,NotBlank.username,NotBlank.java.lang.String,NotBlank]; arguments [org.springframework.context.support.DefaultMessageSourceResolvable: codes [loginUser.username,username]; arguments []; default message [username]]; default message [用户名不能为空1]
Field error in object 'loginUser' on field 'password': rejected value []; codes [NotBlank.loginUser.password,NotBlank.password,NotBlank.java.lang.String,NotBlank]; arguments [org.springframework.context.support.DefaultMessageSourceResolvable: codes [loginUser.password,password]; arguments []; default message [password]]; default message [密码不能为空]， 出参：{"headers":{},"body":"用户名不能为空1, 密码不能为空","statusCode":"BAD_REQUEST","statusCodeValue":400}
[TraceId: ] 2024-08-16 14:30:52.878 [main] INFO  blog.ice.weblog.web.WeblogWebApplication - Starting WeblogWebApplication using Java 19.0.1 on DESKTOP-L5VIA6F with PID 16372 (F:\coding\workplace\weblog\weblog-springboot\weblog-web\target\classes started by icedragon in F:\coding\workplace\weblog\weblog-springboot)
[TraceId: ] 2024-08-16 14:30:52.880 [main] INFO  blog.ice.weblog.web.WeblogWebApplication - The following profiles are active: prod
[TraceId: ] 2024-08-16 14:30:53.684 [main] INFO  o.s.boot.web.embedded.tomcat.TomcatWebServer - Tomcat initialized with port(s): 8080 (http)
[TraceId: ] 2024-08-16 14:30:53.693 [main] INFO  org.apache.catalina.core.StandardService - Starting service [Tomcat]
[TraceId: ] 2024-08-16 14:30:53.693 [main] INFO  org.apache.catalina.core.StandardEngine - Starting Servlet engine: [Apache Tomcat/9.0.56]
[TraceId: ] 2024-08-16 14:30:53.744 [main] INFO  o.a.c.core.ContainerBase.[Tomcat].[localhost].[/] - Initializing Spring embedded WebApplicationContext
[TraceId: ] 2024-08-16 14:30:53.744 [main] INFO  o.s.b.w.s.c.ServletWebServerApplicationContext - Root WebApplicationContext: initialization completed in 829 ms
[TraceId: ] 2024-08-16 14:30:54.063 [main] INFO  o.s.boot.web.embedded.tomcat.TomcatWebServer - Tomcat started on port(s): 8080 (http) with context path ''
[TraceId: ] 2024-08-16 14:30:54.070 [main] INFO  blog.ice.weblog.web.WeblogWebApplication - Started WeblogWebApplication in 1.598 seconds (JVM running for 2.07)
[TraceId: ] 2024-08-16 14:31:01.261 [http-nio-8080-exec-1] INFO  o.a.c.core.ContainerBase.[Tomcat].[localhost].[/] - Initializing Spring DispatcherServlet 'dispatcherServlet'
[TraceId: ] 2024-08-16 14:31:01.262 [http-nio-8080-exec-1] INFO  org.springframework.web.servlet.DispatcherServlet - Initializing Servlet 'dispatcherServlet'
[TraceId: ] 2024-08-16 14:31:01.262 [http-nio-8080-exec-1] INFO  org.springframework.web.servlet.DispatcherServlet - Completed initialization in 0 ms
[TraceId: 2cc2401d-692d-4d4b-97af-c08bd1ce1d55] 2024-08-16 14:31:01.400 [http-nio-8080-exec-1] INFO  b.ice.weblog.common.aspect.ApiOperationLogAspect - ------请求结束[测试接口],耗时：26ms,请求类：TestController，请求方法：test，入参：{"username":"","password":""}, org.springframework.validation.BeanPropertyBindingResult: 2 errors
Field error in object 'loginUser' on field 'password': rejected value []; codes [NotBlank.loginUser.password,NotBlank.password,NotBlank.java.lang.String,NotBlank]; arguments [org.springframework.context.support.DefaultMessageSourceResolvable: codes [loginUser.password,password]; arguments []; default message [password]]; default message [密码不能为空]
Field error in object 'loginUser' on field 'username': rejected value []; codes [NotBlank.loginUser.username,NotBlank.username,NotBlank.java.lang.String,NotBlank]; arguments [org.springframework.context.support.DefaultMessageSourceResolvable: codes [loginUser.username,username]; arguments []; default message [username]]; default message [用户名不能为空]， 出参：{"success":false,"msg":"密码不能为空, 用户名不能为空","code":null,"data":null}
[TraceId: ] 2024-08-16 14:32:44.463 [main] INFO  blog.ice.weblog.web.WeblogWebApplication - Starting WeblogWebApplication using Java 19.0.1 on DESKTOP-L5VIA6F with PID 23888 (F:\coding\workplace\weblog\weblog-springboot\weblog-web\target\classes started by icedragon in F:\coding\workplace\weblog\weblog-springboot)
[TraceId: ] 2024-08-16 14:32:44.465 [main] INFO  blog.ice.weblog.web.WeblogWebApplication - The following profiles are active: prod
[TraceId: ] 2024-08-16 14:32:45.285 [main] INFO  o.s.boot.web.embedded.tomcat.TomcatWebServer - Tomcat initialized with port(s): 8080 (http)
[TraceId: ] 2024-08-16 14:32:45.293 [main] INFO  org.apache.catalina.core.StandardService - Starting service [Tomcat]
[TraceId: ] 2024-08-16 14:32:45.294 [main] INFO  org.apache.catalina.core.StandardEngine - Starting Servlet engine: [Apache Tomcat/9.0.56]
[TraceId: ] 2024-08-16 14:32:45.344 [main] INFO  o.a.c.core.ContainerBase.[Tomcat].[localhost].[/] - Initializing Spring embedded WebApplicationContext
[TraceId: ] 2024-08-16 14:32:45.344 [main] INFO  o.s.b.w.s.c.ServletWebServerApplicationContext - Root WebApplicationContext: initialization completed in 845 ms
[TraceId: ] 2024-08-16 14:32:45.678 [main] INFO  o.s.boot.web.embedded.tomcat.TomcatWebServer - Tomcat started on port(s): 8080 (http) with context path ''
[TraceId: ] 2024-08-16 14:32:45.685 [main] INFO  blog.ice.weblog.web.WeblogWebApplication - Started WeblogWebApplication in 1.63 seconds (JVM running for 2.104)
[TraceId: ] 2024-08-16 14:32:49.471 [http-nio-8080-exec-1] INFO  o.a.c.core.ContainerBase.[Tomcat].[localhost].[/] - Initializing Spring DispatcherServlet 'dispatcherServlet'
[TraceId: ] 2024-08-16 14:32:49.471 [http-nio-8080-exec-1] INFO  org.springframework.web.servlet.DispatcherServlet - Initializing Servlet 'dispatcherServlet'
[TraceId: ] 2024-08-16 14:32:49.472 [http-nio-8080-exec-1] INFO  org.springframework.web.servlet.DispatcherServlet - Completed initialization in 1 ms
[TraceId: d9020ae1-d253-408a-b1a0-b521cb38dd44] 2024-08-16 14:32:49.616 [http-nio-8080-exec-1] INFO  b.ice.weblog.common.aspect.ApiOperationLogAspect - ------请求结束[测试接口],耗时：28ms,请求类：TestController，请求方法：test，入参：{"username":"","password":""}, org.springframework.validation.BeanPropertyBindingResult: 2 errors
Field error in object 'loginUser' on field 'username': rejected value []; codes [NotBlank.loginUser.username,NotBlank.username,NotBlank.java.lang.String,NotBlank]; arguments [org.springframework.context.support.DefaultMessageSourceResolvable: codes [loginUser.username,username]; arguments []; default message [username]]; default message [用户名不能为空]
Field error in object 'loginUser' on field 'password': rejected value []; codes [NotBlank.loginUser.password,NotBlank.password,NotBlank.java.lang.String,NotBlank]; arguments [org.springframework.context.support.DefaultMessageSourceResolvable: codes [loginUser.password,password]; arguments []; default message [password]]; default message [密码不能为空]， 出参：{"success":false,"msg":"用户名不能为空, 密码不能为空","code":"10000","data":null}
[TraceId: 646cc952-32bd-4f5d-a663-780b932a3bb2] 2024-08-16 14:33:03.407 [http-nio-8080-exec-2] INFO  b.ice.weblog.common.aspect.ApiOperationLogAspect - ------请求结束[测试接口],耗时：0ms,请求类：TestController，请求方法：test，入参：{"username":"ice","password":"1000"}, org.springframework.validation.BeanPropertyBindingResult: 0 errors， 出参：{"success":true,"msg":null,"code":null,"data":{"username":"ice","password":"1000"}}
[TraceId: ] 2024-08-16 14:39:22.656 [main] INFO  blog.ice.weblog.web.WeblogWebApplication - Starting WeblogWebApplication using Java 19.0.1 on DESKTOP-L5VIA6F with PID 22884 (F:\coding\workplace\weblog\weblog-springboot\weblog-web\target\classes started by icedragon in F:\coding\workplace\weblog\weblog-springboot)
[TraceId: ] 2024-08-16 14:39:22.658 [main] INFO  blog.ice.weblog.web.WeblogWebApplication - The following profiles are active: prod
[TraceId: ] 2024-08-16 14:39:23.441 [main] INFO  o.s.boot.web.embedded.tomcat.TomcatWebServer - Tomcat initialized with port(s): 8080 (http)
[TraceId: ] 2024-08-16 14:39:23.449 [main] INFO  org.apache.catalina.core.StandardService - Starting service [Tomcat]
[TraceId: ] 2024-08-16 14:39:23.449 [main] INFO  org.apache.catalina.core.StandardEngine - Starting Servlet engine: [Apache Tomcat/9.0.56]
[TraceId: ] 2024-08-16 14:39:23.499 [main] INFO  o.a.c.core.ContainerBase.[Tomcat].[localhost].[/] - Initializing Spring embedded WebApplicationContext
[TraceId: ] 2024-08-16 14:39:23.499 [main] INFO  o.s.b.w.s.c.ServletWebServerApplicationContext - Root WebApplicationContext: initialization completed in 805 ms
[TraceId: ] 2024-08-16 14:39:23.816 [main] INFO  o.s.boot.web.embedded.tomcat.TomcatWebServer - Tomcat started on port(s): 8080 (http) with context path ''
[TraceId: ] 2024-08-16 14:39:23.823 [main] INFO  blog.ice.weblog.web.WeblogWebApplication - Started WeblogWebApplication in 1.594 seconds (JVM running for 2.059)
[TraceId: ] 2024-08-16 14:39:32.157 [http-nio-8080-exec-1] INFO  o.a.c.core.ContainerBase.[Tomcat].[localhost].[/] - Initializing Spring DispatcherServlet 'dispatcherServlet'
[TraceId: ] 2024-08-16 14:39:32.157 [http-nio-8080-exec-1] INFO  org.springframework.web.servlet.DispatcherServlet - Initializing Servlet 'dispatcherServlet'
[TraceId: ] 2024-08-16 14:39:32.158 [http-nio-8080-exec-1] INFO  org.springframework.web.servlet.DispatcherServlet - Completed initialization in 1 ms
[TraceId: 82ceb327-cdaf-4f26-adc7-013e8a98e640] 2024-08-16 14:39:32.296 [http-nio-8080-exec-1] INFO  b.ice.weblog.common.aspect.ApiOperationLogAspect - ------请求结束[测试接口],耗时：26ms,请求类：TestController，请求方法：test，入参：{"username":"ice","password":"1000"}, org.springframework.validation.BeanPropertyBindingResult: 0 errors， 出参：{"success":true,"msg":null,"code":null,"data":{"username":"ice","password":"1000"}}
[TraceId: ] 2024-08-16 16:00:39.495 [main] INFO  blog.ice.weblog.web.WeblogWebApplication - Starting WeblogWebApplication using Java 19.0.1 on DESKTOP-L5VIA6F with PID 23272 (F:\coding\workplace\weblog\weblog-springboot\weblog-web\target\classes started by icedragon in F:\coding\workplace\weblog\weblog-springboot)
[TraceId: ] 2024-08-16 16:00:39.497 [main] INFO  blog.ice.weblog.web.WeblogWebApplication - The following profiles are active: prod
[TraceId: ] 2024-08-16 16:00:40.368 [main] INFO  o.s.boot.web.embedded.tomcat.TomcatWebServer - Tomcat initialized with port(s): 8080 (http)
[TraceId: ] 2024-08-16 16:00:40.376 [main] INFO  org.apache.catalina.core.StandardService - Starting service [Tomcat]
[TraceId: ] 2024-08-16 16:00:40.377 [main] INFO  org.apache.catalina.core.StandardEngine - Starting Servlet engine: [Apache Tomcat/9.0.56]
[TraceId: ] 2024-08-16 16:00:40.427 [main] INFO  o.a.c.core.ContainerBase.[Tomcat].[localhost].[/] - Initializing Spring embedded WebApplicationContext
[TraceId: ] 2024-08-16 16:00:40.428 [main] INFO  o.s.b.w.s.c.ServletWebServerApplicationContext - Root WebApplicationContext: initialization completed in 889 ms
[TraceId: ] 2024-08-16 16:00:40.763 [main] INFO  o.s.boot.web.embedded.tomcat.TomcatWebServer - Tomcat started on port(s): 8080 (http) with context path ''
[TraceId: ] 2024-08-16 16:00:40.771 [main] INFO  blog.ice.weblog.web.WeblogWebApplication - Started WeblogWebApplication in 1.732 seconds (JVM running for 2.286)
[TraceId: ] 2024-08-16 16:01:25.775 [http-nio-8080-exec-1] INFO  o.a.c.core.ContainerBase.[Tomcat].[localhost].[/] - Initializing Spring DispatcherServlet 'dispatcherServlet'
[TraceId: ] 2024-08-16 16:01:25.775 [http-nio-8080-exec-1] INFO  org.springframework.web.servlet.DispatcherServlet - Initializing Servlet 'dispatcherServlet'
[TraceId: ] 2024-08-16 16:01:25.775 [http-nio-8080-exec-1] INFO  org.springframework.web.servlet.DispatcherServlet - Completed initialization in 0 ms
[TraceId: b2faed5a-3c79-4f44-8fbd-15d0ab7c75a0] 2024-08-16 16:01:25.911 [http-nio-8080-exec-1] INFO  b.ice.weblog.common.aspect.ApiOperationLogAspect - ------请求结束[测试接口],耗时：25ms,请求类：TestController，请求方法：test，入参：{"username":"ice","password":"1000"}, org.springframework.validation.BeanPropertyBindingResult: 0 errors， 出参：{"success":true,"msg":null,"code":null,"data":{"username":"ice","password":"1000"}}
[TraceId: ] 2024-08-16 16:01:30.046 [http-nio-8080-exec-2] ERROR o.a.c.c.C.[.[localhost].[/].[dispatcherServlet] - Servlet.service() for servlet [dispatcherServlet] in context with path [] threw exception [Request processing failed; nested exception is blog.ice.weblog.common.exception.BizException] with root cause
blog.ice.weblog.common.exception.BizException: null
	at blog.ice.weblog.web.controller.TestController.test(TestController.java:34)
	at blog.ice.weblog.web.controller.TestController$$FastClassBySpringCGLIB$$c501dcb7.invoke(<generated>)
	at org.springframework.cglib.proxy.MethodProxy.invoke(MethodProxy.java:218)
	at org.springframework.aop.framework.CglibAopProxy$CglibMethodInvocation.invokeJoinpoint(CglibAopProxy.java:783)
	at org.springframework.aop.framework.ReflectiveMethodInvocation.proceed(ReflectiveMethodInvocation.java:163)
	at org.springframework.aop.framework.CglibAopProxy$CglibMethodInvocation.proceed(CglibAopProxy.java:753)
	at org.springframework.aop.aspectj.MethodInvocationProceedingJoinPoint.proceed(MethodInvocationProceedingJoinPoint.java:89)
	at blog.ice.weblog.common.aspect.ApiOperationLogAspect.apiOperationLog(ApiOperationLogAspect.java:44)
	at java.base/jdk.internal.reflect.DirectMethodHandleAccessor.invoke(DirectMethodHandleAccessor.java:104)
	at java.base/java.lang.reflect.Method.invoke(Method.java:578)
	at org.springframework.aop.aspectj.AbstractAspectJAdvice.invokeAdviceMethodWithGivenArgs(AbstractAspectJAdvice.java:634)
	at org.springframework.aop.aspectj.AbstractAspectJAdvice.invokeAdviceMethod(AbstractAspectJAdvice.java:624)
	at org.springframework.aop.aspectj.AspectJAroundAdvice.invoke(AspectJAroundAdvice.java:72)
	at org.springframework.aop.framework.ReflectiveMethodInvocation.proceed(ReflectiveMethodInvocation.java:175)
	at org.springframework.aop.framework.CglibAopProxy$CglibMethodInvocation.proceed(CglibAopProxy.java:753)
	at org.springframework.aop.interceptor.ExposeInvocationInterceptor.invoke(ExposeInvocationInterceptor.java:97)
	at org.springframework.aop.framework.ReflectiveMethodInvocation.proceed(ReflectiveMethodInvocation.java:186)
	at org.springframework.aop.framework.CglibAopProxy$CglibMethodInvocation.proceed(CglibAopProxy.java:753)
	at org.springframework.aop.framework.CglibAopProxy$DynamicAdvisedInterceptor.intercept(CglibAopProxy.java:698)
	at blog.ice.weblog.web.controller.TestController$$EnhancerBySpringCGLIB$$f58b6dc0.test(<generated>)
	at java.base/jdk.internal.reflect.DirectMethodHandleAccessor.invoke(DirectMethodHandleAccessor.java:104)
	at java.base/java.lang.reflect.Method.invoke(Method.java:578)
	at org.springframework.web.method.support.InvocableHandlerMethod.doInvoke(InvocableHandlerMethod.java:205)
	at org.springframework.web.method.support.InvocableHandlerMethod.invokeForRequest(InvocableHandlerMethod.java:150)
	at org.springframework.web.servlet.mvc.method.annotation.ServletInvocableHandlerMethod.invokeAndHandle(ServletInvocableHandlerMethod.java:117)
	at org.springframework.web.servlet.mvc.method.annotation.RequestMappingHandlerAdapter.invokeHandlerMethod(RequestMappingHandlerAdapter.java:895)
	at org.springframework.web.servlet.mvc.method.annotation.RequestMappingHandlerAdapter.handleInternal(RequestMappingHandlerAdapter.java:808)
	at org.springframework.web.servlet.mvc.method.AbstractHandlerMethodAdapter.handle(AbstractHandlerMethodAdapter.java:87)
	at org.springframework.web.servlet.DispatcherServlet.doDispatch(DispatcherServlet.java:1067)
	at org.springframework.web.servlet.DispatcherServlet.doService(DispatcherServlet.java:963)
	at org.springframework.web.servlet.FrameworkServlet.processRequest(FrameworkServlet.java:1006)
	at org.springframework.web.servlet.FrameworkServlet.doPost(FrameworkServlet.java:909)
	at javax.servlet.http.HttpServlet.service(HttpServlet.java:681)
	at org.springframework.web.servlet.FrameworkServlet.service(FrameworkServlet.java:883)
	at javax.servlet.http.HttpServlet.service(HttpServlet.java:764)
	at org.apache.catalina.core.ApplicationFilterChain.internalDoFilter(ApplicationFilterChain.java:227)
	at org.apache.catalina.core.ApplicationFilterChain.doFilter(ApplicationFilterChain.java:162)
	at org.apache.tomcat.websocket.server.WsFilter.doFilter(WsFilter.java:53)
	at org.apache.catalina.core.ApplicationFilterChain.internalDoFilter(ApplicationFilterChain.java:189)
	at org.apache.catalina.core.ApplicationFilterChain.doFilter(ApplicationFilterChain.java:162)
	at org.springframework.web.filter.RequestContextFilter.doFilterInternal(RequestContextFilter.java:100)
	at org.springframework.web.filter.OncePerRequestFilter.doFilter(OncePerRequestFilter.java:117)
	at org.apache.catalina.core.ApplicationFilterChain.internalDoFilter(ApplicationFilterChain.java:189)
	at org.apache.catalina.core.ApplicationFilterChain.doFilter(ApplicationFilterChain.java:162)
	at org.springframework.web.filter.FormContentFilter.doFilterInternal(FormContentFilter.java:93)
	at org.springframework.web.filter.OncePerRequestFilter.doFilter(OncePerRequestFilter.java:117)
	at org.apache.catalina.core.ApplicationFilterChain.internalDoFilter(ApplicationFilterChain.java:189)
	at org.apache.catalina.core.ApplicationFilterChain.doFilter(ApplicationFilterChain.java:162)
	at org.springframework.web.filter.CharacterEncodingFilter.doFilterInternal(CharacterEncodingFilter.java:201)
	at org.springframework.web.filter.OncePerRequestFilter.doFilter(OncePerRequestFilter.java:117)
	at org.apache.catalina.core.ApplicationFilterChain.internalDoFilter(ApplicationFilterChain.java:189)
	at org.apache.catalina.core.ApplicationFilterChain.doFilter(ApplicationFilterChain.java:162)
	at org.apache.catalina.core.StandardWrapperValve.invoke(StandardWrapperValve.java:197)
	at org.apache.catalina.core.StandardContextValve.invoke(StandardContextValve.java:97)
	at org.apache.catalina.authenticator.AuthenticatorBase.invoke(AuthenticatorBase.java:540)
	at org.apache.catalina.core.StandardHostValve.invoke(StandardHostValve.java:135)
	at org.apache.catalina.valves.ErrorReportValve.invoke(ErrorReportValve.java:92)
	at org.apache.catalina.core.StandardEngineValve.invoke(StandardEngineValve.java:78)
	at org.apache.catalina.connector.CoyoteAdapter.service(CoyoteAdapter.java:357)
	at org.apache.coyote.http11.Http11Processor.service(Http11Processor.java:382)
	at org.apache.coyote.AbstractProcessorLight.process(AbstractProcessorLight.java:65)
	at org.apache.coyote.AbstractProtocol$ConnectionHandler.process(AbstractProtocol.java:895)
	at org.apache.tomcat.util.net.NioEndpoint$SocketProcessor.doRun(NioEndpoint.java:1732)
	at org.apache.tomcat.util.net.SocketProcessorBase.run(SocketProcessorBase.java:49)
	at org.apache.tomcat.util.threads.ThreadPoolExecutor.runWorker(ThreadPoolExecutor.java:1191)
	at org.apache.tomcat.util.threads.ThreadPoolExecutor$Worker.run(ThreadPoolExecutor.java:659)
	at org.apache.tomcat.util.threads.TaskThread$WrappingRunnable.run(TaskThread.java:61)
	at java.base/java.lang.Thread.run(Thread.java:1589)
[TraceId: ] 2024-08-16 16:03:03.851 [main] INFO  blog.ice.weblog.web.WeblogWebApplication - Starting WeblogWebApplication using Java 19.0.1 on DESKTOP-L5VIA6F with PID 19864 (F:\coding\workplace\weblog\weblog-springboot\weblog-web\target\classes started by icedragon in F:\coding\workplace\weblog\weblog-springboot)
[TraceId: ] 2024-08-16 16:03:03.853 [main] INFO  blog.ice.weblog.web.WeblogWebApplication - The following profiles are active: prod
[TraceId: ] 2024-08-16 16:03:04.675 [main] INFO  o.s.boot.web.embedded.tomcat.TomcatWebServer - Tomcat initialized with port(s): 8080 (http)
[TraceId: ] 2024-08-16 16:03:04.683 [main] INFO  org.apache.catalina.core.StandardService - Starting service [Tomcat]
[TraceId: ] 2024-08-16 16:03:04.684 [main] INFO  org.apache.catalina.core.StandardEngine - Starting Servlet engine: [Apache Tomcat/9.0.56]
[TraceId: ] 2024-08-16 16:03:04.734 [main] INFO  o.a.c.core.ContainerBase.[Tomcat].[localhost].[/] - Initializing Spring embedded WebApplicationContext
[TraceId: ] 2024-08-16 16:03:04.734 [main] INFO  o.s.b.w.s.c.ServletWebServerApplicationContext - Root WebApplicationContext: initialization completed in 842 ms
[TraceId: ] 2024-08-16 16:03:05.097 [main] INFO  o.s.boot.web.embedded.tomcat.TomcatWebServer - Tomcat started on port(s): 8080 (http) with context path ''
[TraceId: ] 2024-08-16 16:03:05.104 [main] INFO  blog.ice.weblog.web.WeblogWebApplication - Started WeblogWebApplication in 1.684 seconds (JVM running for 2.215)
[TraceId: ] 2024-08-16 16:03:10.319 [http-nio-8080-exec-1] INFO  o.a.c.core.ContainerBase.[Tomcat].[localhost].[/] - Initializing Spring DispatcherServlet 'dispatcherServlet'
[TraceId: ] 2024-08-16 16:03:10.319 [http-nio-8080-exec-1] INFO  org.springframework.web.servlet.DispatcherServlet - Initializing Servlet 'dispatcherServlet'
[TraceId: ] 2024-08-16 16:03:10.319 [http-nio-8080-exec-1] INFO  org.springframework.web.servlet.DispatcherServlet - Completed initialization in 0 ms
[TraceId: ] 2024-08-16 16:03:10.462 [http-nio-8080-exec-1] WARN  b.i.weblog.common.exception.GlobalExceptionHandler - /test request fail, code: 20000, msg: null
[TraceId: ] 2024-08-16 16:08:45.041 [main] INFO  blog.ice.weblog.web.WeblogWebApplication - Starting WeblogWebApplication using Java 19.0.1 on DESKTOP-L5VIA6F with PID 9016 (F:\coding\workplace\weblog\weblog-springboot\weblog-web\target\classes started by icedragon in F:\coding\workplace\weblog\weblog-springboot)
[TraceId: ] 2024-08-16 16:08:45.043 [main] INFO  blog.ice.weblog.web.WeblogWebApplication - The following profiles are active: prod
[TraceId: ] 2024-08-16 16:08:45.853 [main] INFO  o.s.boot.web.embedded.tomcat.TomcatWebServer - Tomcat initialized with port(s): 8080 (http)
[TraceId: ] 2024-08-16 16:08:45.861 [main] INFO  org.apache.catalina.core.StandardService - Starting service [Tomcat]
[TraceId: ] 2024-08-16 16:08:45.861 [main] INFO  org.apache.catalina.core.StandardEngine - Starting Servlet engine: [Apache Tomcat/9.0.56]
[TraceId: ] 2024-08-16 16:08:45.912 [main] INFO  o.a.c.core.ContainerBase.[Tomcat].[localhost].[/] - Initializing Spring embedded WebApplicationContext
[TraceId: ] 2024-08-16 16:08:45.912 [main] INFO  o.s.b.w.s.c.ServletWebServerApplicationContext - Root WebApplicationContext: initialization completed in 834 ms
[TraceId: ] 2024-08-16 16:08:46.230 [main] INFO  o.s.boot.web.embedded.tomcat.TomcatWebServer - Tomcat started on port(s): 8080 (http) with context path ''
[TraceId: ] 2024-08-16 16:08:46.237 [main] INFO  blog.ice.weblog.web.WeblogWebApplication - Started WeblogWebApplication in 1.591 seconds (JVM running for 2.062)
[TraceId: ] 2024-08-16 16:08:50.407 [http-nio-8080-exec-1] INFO  o.a.c.core.ContainerBase.[Tomcat].[localhost].[/] - Initializing Spring DispatcherServlet 'dispatcherServlet'
[TraceId: ] 2024-08-16 16:08:50.408 [http-nio-8080-exec-1] INFO  org.springframework.web.servlet.DispatcherServlet - Initializing Servlet 'dispatcherServlet'
[TraceId: ] 2024-08-16 16:08:50.408 [http-nio-8080-exec-1] INFO  org.springframework.web.servlet.DispatcherServlet - Completed initialization in 0 ms
[TraceId: ] 2024-08-16 16:08:50.551 [http-nio-8080-exec-1] WARN  b.i.weblog.common.exception.GlobalExceptionHandler - /test request fail, code: 20000, msg: 该产品不存在（测试使用）
[TraceId: ] 2024-08-16 16:15:19.792 [main] INFO  blog.ice.weblog.web.WeblogWebApplication - Starting WeblogWebApplication using Java 19.0.1 on DESKTOP-L5VIA6F with PID 5052 (F:\coding\workplace\weblog\weblog-springboot\weblog-web\target\classes started by icedragon in F:\coding\workplace\weblog\weblog-springboot)
[TraceId: ] 2024-08-16 16:15:19.794 [main] INFO  blog.ice.weblog.web.WeblogWebApplication - The following profiles are active: prod
[TraceId: ] 2024-08-16 16:15:20.653 [main] INFO  o.s.boot.web.embedded.tomcat.TomcatWebServer - Tomcat initialized with port(s): 8080 (http)
[TraceId: ] 2024-08-16 16:15:20.661 [main] INFO  org.apache.catalina.core.StandardService - Starting service [Tomcat]
[TraceId: ] 2024-08-16 16:15:20.661 [main] INFO  org.apache.catalina.core.StandardEngine - Starting Servlet engine: [Apache Tomcat/9.0.56]
[TraceId: ] 2024-08-16 16:15:20.713 [main] INFO  o.a.c.core.ContainerBase.[Tomcat].[localhost].[/] - Initializing Spring embedded WebApplicationContext
[TraceId: ] 2024-08-16 16:15:20.713 [main] INFO  o.s.b.w.s.c.ServletWebServerApplicationContext - Root WebApplicationContext: initialization completed in 884 ms
[TraceId: ] 2024-08-16 16:15:21.042 [main] INFO  o.s.boot.web.embedded.tomcat.TomcatWebServer - Tomcat started on port(s): 8080 (http) with context path ''
[TraceId: ] 2024-08-16 16:15:21.049 [main] INFO  blog.ice.weblog.web.WeblogWebApplication - Started WeblogWebApplication in 1.677 seconds (JVM running for 2.161)
[TraceId: ] 2024-08-16 16:15:33.405 [http-nio-8080-exec-1] INFO  o.a.c.core.ContainerBase.[Tomcat].[localhost].[/] - Initializing Spring DispatcherServlet 'dispatcherServlet'
[TraceId: ] 2024-08-16 16:15:33.405 [http-nio-8080-exec-1] INFO  org.springframework.web.servlet.DispatcherServlet - Initializing Servlet 'dispatcherServlet'
[TraceId: ] 2024-08-16 16:15:33.406 [http-nio-8080-exec-1] INFO  org.springframework.web.servlet.DispatcherServlet - Completed initialization in 1 ms
[TraceId: ] 2024-08-16 16:15:33.474 [http-nio-8080-exec-1] ERROR b.i.weblog.common.exception.GlobalExceptionHandler - /test request error, 
org.springframework.http.converter.HttpMessageNotReadableException: JSON parse error: Cannot deserialize value of type `java.lang.Integer` from String "aa1": not a valid `java.lang.Integer` value; nested exception is com.fasterxml.jackson.databind.exc.InvalidFormatException: Cannot deserialize value of type `java.lang.Integer` from String "aa1": not a valid `java.lang.Integer` value
 at [Source: (PushbackInputStream); line: 1, column: 16] (through reference chain: blog.ice.weblog.web.model.vo.LoginUser["sex"])
	at org.springframework.http.converter.json.AbstractJackson2HttpMessageConverter.readJavaType(AbstractJackson2HttpMessageConverter.java:389)
	at org.springframework.http.converter.json.AbstractJackson2HttpMessageConverter.read(AbstractJackson2HttpMessageConverter.java:342)
	at org.springframework.web.servlet.mvc.method.annotation.AbstractMessageConverterMethodArgumentResolver.readWithMessageConverters(AbstractMessageConverterMethodArgumentResolver.java:185)
	at org.springframework.web.servlet.mvc.method.annotation.RequestResponseBodyMethodProcessor.readWithMessageConverters(RequestResponseBodyMethodProcessor.java:160)
	at org.springframework.web.servlet.mvc.method.annotation.RequestResponseBodyMethodProcessor.resolveArgument(RequestResponseBodyMethodProcessor.java:133)
	at org.springframework.web.method.support.HandlerMethodArgumentResolverComposite.resolveArgument(HandlerMethodArgumentResolverComposite.java:122)
	at org.springframework.web.method.support.InvocableHandlerMethod.getMethodArgumentValues(InvocableHandlerMethod.java:179)
	at org.springframework.web.method.support.InvocableHandlerMethod.invokeForRequest(InvocableHandlerMethod.java:146)
	at org.springframework.web.servlet.mvc.method.annotation.ServletInvocableHandlerMethod.invokeAndHandle(ServletInvocableHandlerMethod.java:117)
	at org.springframework.web.servlet.mvc.method.annotation.RequestMappingHandlerAdapter.invokeHandlerMethod(RequestMappingHandlerAdapter.java:895)
	at org.springframework.web.servlet.mvc.method.annotation.RequestMappingHandlerAdapter.handleInternal(RequestMappingHandlerAdapter.java:808)
	at org.springframework.web.servlet.mvc.method.AbstractHandlerMethodAdapter.handle(AbstractHandlerMethodAdapter.java:87)
	at org.springframework.web.servlet.DispatcherServlet.doDispatch(DispatcherServlet.java:1067)
	at org.springframework.web.servlet.DispatcherServlet.doService(DispatcherServlet.java:963)
	at org.springframework.web.servlet.FrameworkServlet.processRequest(FrameworkServlet.java:1006)
	at org.springframework.web.servlet.FrameworkServlet.doPost(FrameworkServlet.java:909)
	at javax.servlet.http.HttpServlet.service(HttpServlet.java:681)
	at org.springframework.web.servlet.FrameworkServlet.service(FrameworkServlet.java:883)
	at javax.servlet.http.HttpServlet.service(HttpServlet.java:764)
	at org.apache.catalina.core.ApplicationFilterChain.internalDoFilter(ApplicationFilterChain.java:227)
	at org.apache.catalina.core.ApplicationFilterChain.doFilter(ApplicationFilterChain.java:162)
	at org.apache.tomcat.websocket.server.WsFilter.doFilter(WsFilter.java:53)
	at org.apache.catalina.core.ApplicationFilterChain.internalDoFilter(ApplicationFilterChain.java:189)
	at org.apache.catalina.core.ApplicationFilterChain.doFilter(ApplicationFilterChain.java:162)
	at org.springframework.web.filter.RequestContextFilter.doFilterInternal(RequestContextFilter.java:100)
	at org.springframework.web.filter.OncePerRequestFilter.doFilter(OncePerRequestFilter.java:117)
	at org.apache.catalina.core.ApplicationFilterChain.internalDoFilter(ApplicationFilterChain.java:189)
	at org.apache.catalina.core.ApplicationFilterChain.doFilter(ApplicationFilterChain.java:162)
	at org.springframework.web.filter.FormContentFilter.doFilterInternal(FormContentFilter.java:93)
	at org.springframework.web.filter.OncePerRequestFilter.doFilter(OncePerRequestFilter.java:117)
	at org.apache.catalina.core.ApplicationFilterChain.internalDoFilter(ApplicationFilterChain.java:189)
	at org.apache.catalina.core.ApplicationFilterChain.doFilter(ApplicationFilterChain.java:162)
	at org.springframework.web.filter.CharacterEncodingFilter.doFilterInternal(CharacterEncodingFilter.java:201)
	at org.springframework.web.filter.OncePerRequestFilter.doFilter(OncePerRequestFilter.java:117)
	at org.apache.catalina.core.ApplicationFilterChain.internalDoFilter(ApplicationFilterChain.java:189)
	at org.apache.catalina.core.ApplicationFilterChain.doFilter(ApplicationFilterChain.java:162)
	at org.apache.catalina.core.StandardWrapperValve.invoke(StandardWrapperValve.java:197)
	at org.apache.catalina.core.StandardContextValve.invoke(StandardContextValve.java:97)
	at org.apache.catalina.authenticator.AuthenticatorBase.invoke(AuthenticatorBase.java:540)
	at org.apache.catalina.core.StandardHostValve.invoke(StandardHostValve.java:135)
	at org.apache.catalina.valves.ErrorReportValve.invoke(ErrorReportValve.java:92)
	at org.apache.catalina.core.StandardEngineValve.invoke(StandardEngineValve.java:78)
	at org.apache.catalina.connector.CoyoteAdapter.service(CoyoteAdapter.java:357)
	at org.apache.coyote.http11.Http11Processor.service(Http11Processor.java:382)
	at org.apache.coyote.AbstractProcessorLight.process(AbstractProcessorLight.java:65)
	at org.apache.coyote.AbstractProtocol$ConnectionHandler.process(AbstractProtocol.java:895)
	at org.apache.tomcat.util.net.NioEndpoint$SocketProcessor.doRun(NioEndpoint.java:1732)
	at org.apache.tomcat.util.net.SocketProcessorBase.run(SocketProcessorBase.java:49)
	at org.apache.tomcat.util.threads.ThreadPoolExecutor.runWorker(ThreadPoolExecutor.java:1191)
	at org.apache.tomcat.util.threads.ThreadPoolExecutor$Worker.run(ThreadPoolExecutor.java:659)
	at org.apache.tomcat.util.threads.TaskThread$WrappingRunnable.run(TaskThread.java:61)
	at java.base/java.lang.Thread.run(Thread.java:1589)
Caused by: com.fasterxml.jackson.databind.exc.InvalidFormatException: Cannot deserialize value of type `java.lang.Integer` from String "aa1": not a valid `java.lang.Integer` value
 at [Source: (PushbackInputStream); line: 1, column: 16] (through reference chain: blog.ice.weblog.web.model.vo.LoginUser["sex"])
	at com.fasterxml.jackson.databind.exc.InvalidFormatException.from(InvalidFormatException.java:67)
	at com.fasterxml.jackson.databind.DeserializationContext.weirdStringException(DeserializationContext.java:2002)
	at com.fasterxml.jackson.databind.DeserializationContext.handleWeirdStringValue(DeserializationContext.java:1230)
	at com.fasterxml.jackson.databind.deser.std.StdDeserializer._parseInteger(StdDeserializer.java:844)
	at com.fasterxml.jackson.databind.deser.std.StdDeserializer._parseInteger(StdDeserializer.java:824)
	at com.fasterxml.jackson.databind.deser.std.NumberDeserializers$IntegerDeserializer.deserialize(NumberDeserializers.java:531)
	at com.fasterxml.jackson.databind.deser.std.NumberDeserializers$IntegerDeserializer.deserialize(NumberDeserializers.java:506)
	at com.fasterxml.jackson.databind.deser.impl.MethodProperty.deserializeAndSet(MethodProperty.java:129)
	at com.fasterxml.jackson.databind.deser.BeanDeserializer.deserializeFromObject(BeanDeserializer.java:392)
	at com.fasterxml.jackson.databind.deser.BeanDeserializer.deserialize(BeanDeserializer.java:185)
	at com.fasterxml.jackson.databind.deser.DefaultDeserializationContext.readRootValue(DefaultDeserializationContext.java:323)
	at com.fasterxml.jackson.databind.ObjectMapper._readMapAndClose(ObjectMapper.java:4825)
	at com.fasterxml.jackson.databind.ObjectMapper.readValue(ObjectMapper.java:3825)
	at org.springframework.http.converter.json.AbstractJackson2HttpMessageConverter.readJavaType(AbstractJackson2HttpMessageConverter.java:378)
	... 51 common frames omitted
